{"ts":1740392512202,"action":"PROJECT_OPENED","tags":{"PROJECT_NAME":"canvas"}}
{"ts":1740392517867,"action":"FILE_OPENED","file":"/rect.ts","tags":{"FILE_LINE_OF_CODE":"45"}}
{"ts":1740392532052,"action":"IDE_DEACTIVATED"}
{"ts":1740392533360,"action":"IDE_ACTIVATED"}
{"ts":1740392619533,"action":"IDE_DEACTIVATED"}
{"ts":1740392622562,"action":"IDE_ACTIVATED"}
{"ts":1740392624080,"action":"IDE_DEACTIVATED"}
{"ts":1740392666546,"action":"IDE_ACTIVATED"}
{"ts":1740392674054,"action":"IDE_DEACTIVATED"}
{"ts":1740392722971,"action":"IDE_ACTIVATED"}
{"ts":1740392770906,"action":"IDE_DEACTIVATED"}
{"ts":1740392836451,"action":"IDE_ACTIVATED"}
{"ts":1740392852764,"action":"IDE_DEACTIVATED"}
{"ts":1740393052708,"action":"IDE_ACTIVATED"}
{"ts":1740393066071,"action":"IDE_DEACTIVATED"}
{"ts":1740393131053,"action":"IDE_ACTIVATED"}
{"ts":1740393149172,"action":"IDE_DEACTIVATED"}
{"ts":1740393215764,"action":"IDE_ACTIVATED"}
{"ts":1740393223331,"action":"IDE_DEACTIVATED"}
{"ts":1740393228048,"action":"IDE_ACTIVATED"}
{"ts":1740393232456,"action":"IDE_DEACTIVATED"}
{"ts":1740393257037,"action":"IDE_ACTIVATED"}
{"ts":1740393257140,"action":"IDE_DEACTIVATED"}
{"ts":1740393259266,"action":"IDE_ACTIVATED"}
{"ts":1740393275305,"action":"IDE_DEACTIVATED"}
{"ts":1740393287614,"action":"IDE_ACTIVATED"}
{"ts":1740393292086,"action":"IDE_DEACTIVATED"}
{"ts":1740393294276,"action":"IDE_ACTIVATED"}
{"ts":1740393803791,"action":"IDE_DEACTIVATED"}
{"ts":1740393806893,"action":"IDE_ACTIVATED"}
{"ts":1740393809012,"action":"IDE_DEACTIVATED"}
{"ts":1740393813118,"action":"IDE_ACTIVATED"}
{"ts":1740393821335,"action":"IDE_DEACTIVATED"}
{"ts":1740393832333,"action":"IDE_ACTIVATED"}
{"ts":1740393851671,"action":"IDE_DEACTIVATED"}
{"ts":1740393905643,"action":"IDE_ACTIVATED"}
{"ts":1740393907558,"action":"IDE_DEACTIVATED"}
{"ts":1740394003522,"action":"IDE_ACTIVATED"}
{"ts":1740394023295,"action":"IDE_DEACTIVATED"}
{"ts":1740394029714,"action":"IDE_ACTIVATED"}
{"ts":1740394040292,"action":"IDE_DEACTIVATED"}
{"ts":1740394054214,"action":"IDE_ACTIVATED"}
{"ts":1740394065639,"action":"IDE_DEACTIVATED"}
{"ts":1740394066981,"action":"IDE_ACTIVATED"}
{"ts":1740394077709,"action":"IDE_DEACTIVATED"}
{"ts":1740394087027,"action":"IDE_ACTIVATED"}
{"ts":1740394092614,"action":"IDE_DEACTIVATED"}
{"ts":1740394101281,"action":"IDE_ACTIVATED"}
{"ts":1740394163183,"action":"IDE_DEACTIVATED"}
{"ts":1740394350848,"action":"IDE_ACTIVATED"}
{"ts":1740394379689,"action":"IDE_DEACTIVATED"}
{"ts":1740394401075,"action":"IDE_ACTIVATED"}
{"ts":1740394406616,"action":"IDE_DEACTIVATED"}
{"ts":1740394433813,"action":"IDE_ACTIVATED"}
{"ts":1740394438470,"action":"IDE_DEACTIVATED"}
{"ts":1740394459171,"action":"IDE_ACTIVATED"}
{"ts":1740394468211,"action":"IDE_DEACTIVATED"}
{"ts":1740394469508,"action":"IDE_ACTIVATED"}
{"ts":1740394482413,"action":"FILE_CLOSED","file":"/rect.ts","tags":{"FILE_LINE_OF_CODE":"56"}}
{"ts":1740394482413,"action":"FILE_OPENED","file":"/stage.ts","tags":{"FILE_LINE_OF_CODE":"17"}}
{"ts":1740394488864,"action":"FILE_CLOSED","file":"/stage.ts","tags":{"FILE_LINE_OF_CODE":"17"}}
{"ts":1740394488864,"action":"FILE_OPENED","file":"/rect.ts","tags":{"FILE_LINE_OF_CODE":"56"}}
{"ts":1740394498929,"action":"FILE_CLOSED","file":"/rect.ts","tags":{"FILE_LINE_OF_CODE":"53"}}
{"ts":1740394498929,"action":"FILE_OPENED","file":"/canvsdemo.html","tags":{"FILE_LINE_OF_CODE":"12"}}
{"ts":1740394500344,"action":"IDE_DEACTIVATED"}
{"ts":1740394503294,"action":"IDE_ACTIVATED"}
{"ts":1740394515198,"action":"IDE_DEACTIVATED"}
{"ts":1740394515295,"action":"IDE_ACTIVATED"}
{"ts":1740394517294,"action":"IDE_DEACTIVATED"}
{"ts":1740394519190,"action":"IDE_ACTIVATED"}
{"ts":1740394526975,"action":"FILE_CLOSED","file":"/canvsdemo.html","tags":{"FILE_LINE_OF_CODE":"12"}}
{"ts":1740394526976,"action":"FILE_OPENED","file":"/tsconfig.json","tags":{"FILE_LINE_OF_CODE":"7"}}
{"ts":1740394535216,"action":"FILE_CLOSED","file":"/tsconfig.json","tags":{"FILE_LINE_OF_CODE":"7"}}
{"ts":1740394535216,"action":"FILE_OPENED","file":"/canvsdemo.html","tags":{"FILE_LINE_OF_CODE":"12"}}
{"ts":1740394537335,"action":"IDE_DEACTIVATED"}
{"ts":1740394540550,"action":"IDE_ACTIVATED"}
{"ts":1740394544239,"action":"FILE_CLOSED","file":"/canvsdemo.html","tags":{"FILE_LINE_OF_CODE":"12"}}
{"ts":1740394544239,"action":"FILE_OPENED","file":"/rect.ts","tags":{"FILE_LINE_OF_CODE":"53"}}
{"ts":1740394547009,"action":"FILE_CLOSED","file":"/rect.ts","tags":{"FILE_LINE_OF_CODE":"53"}}
{"ts":1740394547009,"action":"FILE_OPENED","file":"/stage.ts","tags":{"FILE_LINE_OF_CODE":"17"}}
{"ts":1740394553603,"action":"IDE_DEACTIVATED"}
{"ts":1740394561932,"action":"IDE_ACTIVATED"}
{"ts":1740394570035,"action":"IDE_DEACTIVATED"}
{"ts":1740446284895,"action":"IDE_ACTIVATED"}
{"ts":1740446507897,"action":"IDE_DEACTIVATED"}
{"ts":1740446564270,"action":"IDE_ACTIVATED"}
{"ts":1740446592625,"action":"IDE_DEACTIVATED"}
{"ts":1740446595090,"action":"IDE_ACTIVATED"}
{"ts":1740446604136,"action":"IDE_DEACTIVATED"}
{"ts":1740446605779,"action":"IDE_ACTIVATED"}
{"ts":1740446614404,"action":"IDE_DEACTIVATED"}
{"ts":1740446615859,"action":"IDE_ACTIVATED"}
{"ts":1740446617555,"action":"IDE_DEACTIVATED"}
{"ts":1740446619004,"action":"IDE_ACTIVATED"}
{"ts":1740446621889,"action":"IDE_DEACTIVATED"}
{"ts":1740446624171,"action":"IDE_ACTIVATED"}
{"ts":1740446630636,"action":"IDE_DEACTIVATED"}
{"ts":1740446637701,"action":"IDE_ACTIVATED"}
{"ts":1740446640674,"action":"IDE_DEACTIVATED"}
{"ts":1740446645907,"action":"IDE_ACTIVATED"}
{"ts":1740446656880,"action":"IDE_DEACTIVATED"}
{"ts":1740446658845,"action":"IDE_ACTIVATED"}
{"ts":1740446683405,"action":"IDE_DEACTIVATED"}
{"ts":1740446701277,"action":"IDE_ACTIVATED"}
{"ts":1740446714341,"action":"IDE_DEACTIVATED"}
{"ts":1740446722381,"action":"IDE_ACTIVATED"}
{"ts":1740446727975,"action":"IDE_DEACTIVATED"}
{"ts":1740446729763,"action":"IDE_ACTIVATED"}
{"ts":1740446738297,"action":"IDE_DEACTIVATED"}
{"ts":1740446741549,"action":"IDE_ACTIVATED"}
{"ts":1740446751075,"action":"IDE_DEACTIVATED"}
{"ts":1740446755570,"action":"IDE_ACTIVATED"}
{"ts":1740446772460,"action":"IDE_DEACTIVATED"}
{"ts":1740446775953,"action":"IDE_ACTIVATED"}
{"ts":1740446808023,"action":"IDE_DEACTIVATED"}
{"ts":1740446810613,"action":"IDE_ACTIVATED"}
{"ts":1740446832473,"action":"IDE_DEACTIVATED"}
{"ts":1740446837537,"action":"IDE_ACTIVATED"}
{"ts":1740446853914,"action":"IDE_DEACTIVATED"}
{"ts":1740446856216,"action":"IDE_ACTIVATED"}
{"ts":1740446862528,"action":"IDE_DEACTIVATED"}
{"ts":1740446864574,"action":"IDE_ACTIVATED"}
{"ts":1740446866261,"action":"IDE_DEACTIVATED"}
{"ts":1740446867646,"action":"IDE_ACTIVATED"}
{"ts":1740446913882,"action":"IDE_DEACTIVATED"}
{"ts":1740447007219,"action":"IDE_ACTIVATED"}
{"ts":1740447033045,"action":"IDE_DEACTIVATED"}
{"ts":1740447096656,"action":"IDE_ACTIVATED"}
{"ts":1740447103145,"action":"IDE_DEACTIVATED"}
{"ts":1740447168109,"action":"IDE_ACTIVATED"}
{"ts":1740447173782,"action":"IDE_DEACTIVATED"}
{"ts":1740447209072,"action":"IDE_ACTIVATED"}
{"ts":1740447253818,"action":"IDE_DEACTIVATED"}
{"ts":1740447255299,"action":"IDE_ACTIVATED"}
{"ts":1740447257233,"action":"IDE_DEACTIVATED"}
{"ts":1740447452880,"action":"IDE_ACTIVATED"}
{"ts":1740447469839,"action":"IDE_DEACTIVATED"}
{"ts":1740447489001,"action":"IDE_ACTIVATED"}
{"ts":1740447529177,"action":"IDE_DEACTIVATED"}
{"ts":1740447554375,"action":"IDE_ACTIVATED"}
{"ts":1740447557989,"action":"IDE_DEACTIVATED"}
{"ts":1740447560081,"action":"IDE_ACTIVATED"}
{"ts":1740447587667,"action":"IDE_DEACTIVATED"}
{"ts":1740447592268,"action":"IDE_ACTIVATED"}
{"ts":1740447692477,"action":"IDE_DEACTIVATED"}
{"ts":1740448035863,"action":"IDE_ACTIVATED"}
{"ts":1740448037711,"action":"IDE_DEACTIVATED"}
{"ts":1740448047370,"action":"IDE_ACTIVATED"}
{"ts":1740448048252,"action":"IDE_DEACTIVATED"}
{"ts":1740448053413,"action":"IDE_ACTIVATED"}
{"ts":1740448093679,"action":"IDE_DEACTIVATED"}
{"ts":1740448144249,"action":"IDE_ACTIVATED"}
{"ts":1740448168319,"action":"IDE_DEACTIVATED"}
{"ts":1740448174747,"action":"IDE_ACTIVATED"}
{"ts":1740448177390,"action":"IDE_DEACTIVATED"}
{"ts":1740448181186,"action":"IDE_ACTIVATED"}
{"ts":1740448208535,"action":"IDE_DEACTIVATED"}
{"ts":1740448222870,"action":"IDE_ACTIVATED"}
{"ts":1740448325714,"action":"IDE_DEACTIVATED"}
{"ts":1740448350404,"action":"IDE_ACTIVATED"}
{"ts":1740448368668,"action":"IDE_DEACTIVATED"}
{"ts":1740448382059,"action":"IDE_ACTIVATED"}
{"ts":1740448431160,"action":"IDE_DEACTIVATED"}
{"ts":1740448656917,"action":"IDE_ACTIVATED"}
{"ts":1740448659675,"action":"IDE_DEACTIVATED"}
{"ts":1740448667731,"action":"IDE_ACTIVATED"}
{"ts":1740448678064,"action":"IDE_DEACTIVATED"}
{"ts":1740448719496,"action":"IDE_ACTIVATED"}
{"ts":1740448727209,"action":"IDE_DEACTIVATED"}
{"ts":1740448749177,"action":"IDE_ACTIVATED"}
{"ts":1740448787735,"action":"IDE_DEACTIVATED"}
{"ts":1740448803878,"action":"IDE_ACTIVATED"}
{"ts":1740448805408,"action":"IDE_DEACTIVATED"}
{"ts":1740448825489,"action":"IDE_ACTIVATED"}
{"ts":1740448901695,"action":"IDE_DEACTIVATED"}
{"ts":1740448904323,"action":"IDE_ACTIVATED"}
{"ts":1740448907293,"action":"IDE_DEACTIVATED"}
{"ts":1740449032265,"action":"IDE_ACTIVATED"}
{"ts":1740449049429,"action":"IDE_DEACTIVATED"}
{"ts":1740449080208,"action":"IDE_ACTIVATED"}
{"ts":1740449081378,"action":"IDE_DEACTIVATED"}
{"ts":1740449081921,"action":"IDE_ACTIVATED"}
{"ts":1740449106846,"action":"IDE_DEACTIVATED"}
{"ts":1740449109644,"action":"IDE_ACTIVATED"}
{"ts":1740449113219,"action":"IDE_DEACTIVATED"}
{"ts":1740449121889,"action":"IDE_ACTIVATED"}
{"ts":1740449123511,"action":"IDE_DEACTIVATED"}
{"ts":1740449149298,"action":"IDE_ACTIVATED"}
{"ts":1740449157690,"action":"IDE_DEACTIVATED"}
{"ts":1740449184990,"action":"IDE_ACTIVATED"}
{"ts":1740449229131,"action":"IDE_DEACTIVATED"}
{"ts":1740449262969,"action":"IDE_ACTIVATED"}
{"ts":1740449298364,"action":"IDE_DEACTIVATED"}
{"ts":1740449322531,"action":"IDE_ACTIVATED"}
{"ts":1740449331347,"action":"IDE_DEACTIVATED"}
{"ts":1740449339544,"action":"IDE_ACTIVATED"}
{"ts":1740449344448,"action":"IDE_DEACTIVATED"}
{"ts":1740449354510,"action":"IDE_ACTIVATED"}
{"ts":1740449358619,"action":"IDE_DEACTIVATED"}
{"ts":1740450446805,"action":"IDE_ACTIVATED"}
{"ts":1740450450288,"action":"IDE_DEACTIVATED"}
{"ts":1740450582574,"action":"IDE_ACTIVATED"}
{"ts":1740450595133,"action":"IDE_DEACTIVATED"}
{"ts":1740451011855,"action":"IDE_ACTIVATED"}
{"ts":1740451028576,"action":"IDE_DEACTIVATED"}
{"ts":1740451041879,"action":"IDE_ACTIVATED"}
{"ts":1740451049460,"action":"IDE_DEACTIVATED"}
{"ts":1740451478014,"action":"IDE_ACTIVATED"}
{"ts":1740451522907,"action":"IDE_DEACTIVATED"}
{"ts":1740451554555,"action":"IDE_ACTIVATED"}
{"ts":1740451564752,"action":"IDE_DEACTIVATED"}
{"ts":1740451587815,"action":"IDE_ACTIVATED"}
{"ts":1740451600870,"action":"IDE_DEACTIVATED"}
{"ts":1740451926539,"action":"IDE_ACTIVATED"}
{"ts":1740451934388,"action":"IDE_DEACTIVATED"}
{"ts":1740452123119,"action":"IDE_ACTIVATED"}
{"ts":1740452135429,"action":"IDE_DEACTIVATED"}
{"ts":1740452209269,"action":"IDE_ACTIVATED"}
{"ts":1740452235045,"action":"IDE_DEACTIVATED"}
{"ts":1740452303656,"action":"IDE_ACTIVATED"}
{"ts":1740452309847,"action":"IDE_DEACTIVATED"}
{"ts":1740452323017,"action":"IDE_ACTIVATED"}
{"ts":1740452326421,"action":"IDE_DEACTIVATED"}
{"ts":1740452347973,"action":"IDE_ACTIVATED"}
{"ts":1740452370345,"action":"IDE_DEACTIVATED"}
{"ts":1740452374683,"action":"IDE_ACTIVATED"}
{"ts":1740452376345,"action":"IDE_DEACTIVATED"}
{"ts":1740452435131,"action":"IDE_ACTIVATED"}
{"ts":1740452437534,"action":"IDE_DEACTIVATED"}
{"ts":1740452449501,"action":"IDE_ACTIVATED"}
{"ts":1740452480048,"action":"IDE_DEACTIVATED"}
{"ts":1740452628422,"action":"IDE_ACTIVATED"}
{"ts":1740452637472,"action":"IDE_DEACTIVATED"}
{"ts":1740452707043,"action":"IDE_ACTIVATED"}
{"ts":1740452734121,"action":"IDE_DEACTIVATED"}
{"ts":1740452773371,"action":"IDE_ACTIVATED"}
{"ts":1740452780384,"action":"IDE_DEACTIVATED"}
{"ts":1740462389593,"action":"IDE_ACTIVATED"}
{"ts":1740462415820,"action":"IDE_DEACTIVATED"}
{"ts":1740462474201,"action":"IDE_ACTIVATED"}
{"ts":1740462612152,"action":"IDE_DEACTIVATED"}
{"ts":1740462810465,"action":"IDE_ACTIVATED"}
{"ts":1740462844457,"action":"IDE_DEACTIVATED"}
{"ts":1740462921778,"action":"IDE_ACTIVATED"}
{"ts":1740462933718,"action":"IDE_DEACTIVATED"}
{"ts":1740462959793,"action":"IDE_ACTIVATED"}
{"ts":1740462967260,"action":"IDE_DEACTIVATED"}
{"ts":1740463064570,"action":"IDE_ACTIVATED"}
{"ts":1740463073924,"action":"IDE_DEACTIVATED"}
{"ts":1740463112569,"action":"IDE_ACTIVATED"}
{"ts":1740463113562,"action":"IDE_DEACTIVATED"}
{"ts":1740463129622,"action":"IDE_ACTIVATED"}
{"ts":1740463132401,"action":"IDE_DEACTIVATED"}
{"ts":1740463225803,"action":"IDE_ACTIVATED"}
{"ts":1740463230178,"action":"IDE_DEACTIVATED"}
{"ts":1740463230366,"action":"IDE_ACTIVATED"}
{"ts":1740463246735,"action":"IDE_DEACTIVATED"}
{"ts":1740463280403,"action":"IDE_ACTIVATED"}
{"ts":1740463284651,"action":"IDE_DEACTIVATED"}
{"ts":1740463357546,"action":"IDE_ACTIVATED"}
{"ts":1740463368515,"action":"IDE_DEACTIVATED"}
{"ts":1740463453260,"action":"IDE_ACTIVATED"}
{"ts":1740463456731,"action":"IDE_DEACTIVATED"}
{"ts":1740463484380,"action":"IDE_ACTIVATED"}
{"ts":1740463511705,"action":"IDE_DEACTIVATED"}
{"ts":1740463547324,"action":"IDE_ACTIVATED"}
{"ts":1740463575635,"action":"IDE_DEACTIVATED"}
{"ts":1740463607648,"action":"IDE_ACTIVATED"}
{"ts":1740463640594,"action":"IDE_DEACTIVATED"}
{"ts":1740463648606,"action":"IDE_ACTIVATED"}
{"ts":1740463656374,"action":"IDE_DEACTIVATED"}
{"ts":1740463689251,"action":"IDE_ACTIVATED"}
{"ts":1740463739560,"action":"IDE_DEACTIVATED"}
{"ts":1740463799873,"action":"IDE_ACTIVATED"}
{"ts":1740463803949,"action":"IDE_DEACTIVATED"}
{"ts":1740463815722,"action":"IDE_ACTIVATED"}
{"ts":1740463817131,"action":"IDE_DEACTIVATED"}
{"ts":1740464042828,"action":"IDE_ACTIVATED"}
{"ts":1740464068938,"action":"IDE_DEACTIVATED"}
{"ts":1740464134836,"action":"IDE_ACTIVATED"}
{"ts":1740464160145,"action":"IDE_DEACTIVATED"}
{"ts":1740464167773,"action":"IDE_ACTIVATED"}
{"ts":1740464171292,"action":"IDE_DEACTIVATED"}
{"ts":1740464173731,"action":"IDE_ACTIVATED"}
{"ts":1740464175842,"action":"IDE_DEACTIVATED"}
{"ts":1740464215554,"action":"IDE_ACTIVATED"}
{"ts":1740464221771,"action":"IDE_DEACTIVATED"}
{"ts":1740464403976,"action":"IDE_ACTIVATED"}
{"ts":1740464428669,"action":"IDE_DEACTIVATED"}
{"ts":1740464457482,"action":"IDE_ACTIVATED"}
{"ts":1740464479108,"action":"IDE_DEACTIVATED"}
{"ts":1740464493506,"action":"IDE_ACTIVATED"}
{"ts":1740464535340,"action":"IDE_DEACTIVATED"}
{"ts":1740464592436,"action":"IDE_ACTIVATED"}
{"ts":1740464600010,"action":"IDE_DEACTIVATED"}
{"ts":1740464606065,"action":"IDE_ACTIVATED"}
{"ts":1740464624960,"action":"IDE_DEACTIVATED"}
{"ts":1740465389281,"action":"IDE_ACTIVATED"}
{"ts":1740465397625,"action":"IDE_DEACTIVATED"}
{"ts":1740465414853,"action":"IDE_ACTIVATED"}
{"ts":1740466359858,"action":"IDE_DEACTIVATED"}
{"ts":1740466589679,"action":"IDE_ACTIVATED"}
{"ts":1740466589801,"action":"IDE_DEACTIVATED"}
{"ts":1740466598108,"action":"IDE_ACTIVATED"}
{"ts":1740466623354,"action":"IDE_DEACTIVATED"}
{"ts":1740466625411,"action":"IDE_ACTIVATED"}
{"ts":1740466650927,"action":"IDE_DEACTIVATED"}
{"ts":1740466939616,"action":"IDE_ACTIVATED"}
{"ts":1740466943940,"action":"IDE_DEACTIVATED"}
{"ts":1740467229439,"action":"IDE_ACTIVATED"}
{"ts":1740467256289,"action":"IDE_DEACTIVATED"}
{"ts":1740467956785,"action":"IDE_ACTIVATED"}
{"ts":1740467974039,"action":"IDE_DEACTIVATED"}
{"ts":1740467976486,"action":"IDE_ACTIVATED"}
{"ts":1740467986071,"action":"IDE_DEACTIVATED"}
{"ts":1740467989284,"action":"IDE_ACTIVATED"}
{"ts":1740468043966,"action":"IDE_DEACTIVATED"}
{"ts":1740468120530,"action":"IDE_ACTIVATED"}
{"ts":1740468145438,"action":"IDE_DEACTIVATED"}
{"ts":1740468146218,"action":"IDE_ACTIVATED"}
{"ts":1740468155975,"action":"IDE_DEACTIVATED"}
{"ts":1740468209424,"action":"IDE_ACTIVATED"}
{"ts":1740468221194,"action":"IDE_DEACTIVATED"}
{"ts":1740468449572,"action":"IDE_ACTIVATED"}
{"ts":1740468464765,"action":"IDE_DEACTIVATED"}
{"ts":1740468558869,"action":"IDE_ACTIVATED"}
{"ts":1740468568467,"action":"IDE_DEACTIVATED"}
{"ts":1740468619361,"action":"IDE_ACTIVATED"}
{"ts":1740468641564,"action":"IDE_DEACTIVATED"}
{"ts":1740468675830,"action":"IDE_ACTIVATED"}
{"ts":1740468682601,"action":"IDE_DEACTIVATED"}
{"ts":1740468742054,"action":"IDE_ACTIVATED"}
{"ts":1740468750106,"action":"IDE_DEACTIVATED"}
{"ts":1740468779280,"action":"IDE_ACTIVATED"}
{"ts":1740468783902,"action":"IDE_DEACTIVATED"}
{"ts":1740468827331,"action":"IDE_ACTIVATED"}
{"ts":1740468882743,"action":"IDE_DEACTIVATED"}
{"ts":1740468901900,"action":"IDE_ACTIVATED"}
{"ts":1740469389839,"action":"IDE_DEACTIVATED"}
{"ts":1740469443390,"action":"IDE_ACTIVATED"}
{"ts":1740469494969,"action":"IDE_DEACTIVATED"}
{"ts":1740469495757,"action":"IDE_ACTIVATED"}
{"ts":1740469545678,"action":"FILE_CLOSED","file":"/stage.ts","tags":{"FILE_LINE_OF_CODE":"17"}}
{"ts":1740469545678,"action":"FILE_OPENED","file":"/canvsdemo.html","tags":{"FILE_LINE_OF_CODE":"12"}}
{"ts":1740469547575,"action":"IDE_DEACTIVATED"}
{"ts":1740469561799,"action":"IDE_ACTIVATED"}
{"ts":1740469562122,"action":"FILE_CLOSED","file":"/canvsdemo.html","tags":{"FILE_LINE_OF_CODE":"12"}}
{"ts":1740469673272,"action":"IDE_DEACTIVATED"}
{"ts":1740469744965,"action":"IDE_ACTIVATED"}
{"ts":1740469756614,"action":"IDE_DEACTIVATED"}
{"ts":1740469926229,"action":"IDE_ACTIVATED"}
{"ts":1740469926491,"action":"FILE_OPENED","file":"/tsconfig.json","tags":{"FILE_LINE_OF_CODE":"7"}}
{"ts":1740469929537,"action":"IDE_DEACTIVATED"}
{"ts":1740469951483,"action":"IDE_ACTIVATED"}
{"ts":1740469951769,"action":"FILE_CLOSED","file":"/tsconfig.json","tags":{"FILE_LINE_OF_CODE":"7"}}
{"ts":1740469951769,"action":"FILE_OPENED","file":"/canvsdemo.html","tags":{"FILE_LINE_OF_CODE":"12"}}
{"ts":1740469971422,"action":"IDE_DEACTIVATED"}
{"ts":1740470075301,"action":"IDE_ACTIVATED"}
{"ts":1740470075817,"action":"FILE_CLOSED","file":"/canvsdemo.html","tags":{"FILE_LINE_OF_CODE":"12"}}
{"ts":1740470075817,"action":"FILE_OPENED","file":"/rect.ts","tags":{"FILE_LINE_OF_CODE":"53"}}
{"ts":1740470088399,"action":"IDE_DEACTIVATED"}
{"ts":1740470125276,"action":"IDE_ACTIVATED"}
{"ts":1740470125535,"action":"FILE_CLOSED","file":"/rect.ts","tags":{"FILE_LINE_OF_CODE":"53"}}
{"ts":1740470125535,"action":"FILE_OPENED","file":"/tsconfig.json","tags":{"FILE_LINE_OF_CODE":"7"}}
{"ts":1740470136869,"action":"IDE_DEACTIVATED"}
{"ts":1740470623237,"action":"IDE_ACTIVATED"}
{"ts":1740470635140,"action":"IDE_DEACTIVATED"}
{"ts":1740470652385,"action":"IDE_ACTIVATED"}
{"ts":1740470720489,"action":"IDE_DEACTIVATED"}
{"ts":1740471262284,"action":"IDE_ACTIVATED"}
{"ts":1740471406783,"action":"IDE_DEACTIVATED"}
{"ts":1740471414531,"action":"IDE_ACTIVATED"}
{"ts":1740471415647,"action":"IDE_DEACTIVATED"}
{"ts":1740471466381,"action":"IDE_ACTIVATED"}
{"ts":1740471558815,"action":"FILE_CLOSED","file":"/tsconfig.json","tags":{"FILE_LINE_OF_CODE":"7"}}
{"ts":1740471558815,"action":"FILE_OPENED","file":"/rect.ts","tags":{"FILE_LINE_OF_CODE":"53"}}
{"ts":1740471567725,"action":"FILE_CLOSED","file":"/rect.ts","tags":{"FILE_LINE_OF_CODE":"53"}}
{"ts":1740471567725,"action":"FILE_OPENED","file":"/tsconfig.json","tags":{"FILE_LINE_OF_CODE":"7"}}
{"ts":1740471573769,"action":"IDE_DEACTIVATED"}
{"ts":1740471581546,"action":"IDE_ACTIVATED"}
{"ts":1740471603613,"action":"FILE_CLOSED","file":"/tsconfig.json","tags":{"FILE_LINE_OF_CODE":"9"}}
{"ts":1740471603613,"action":"FILE_OPENED","file":"/stage.ts","tags":{"FILE_LINE_OF_CODE":"17"}}
{"ts":1740471695694,"action":"IDE_DEACTIVATED"}
{"ts":1740471703097,"action":"IDE_ACTIVATED"}
{"ts":1740471737690,"action":"IDE_DEACTIVATED"}
{"ts":1740471739842,"action":"IDE_ACTIVATED"}
{"ts":1740471741174,"action":"FILE_CLOSED","file":"/stage.ts","tags":{"FILE_LINE_OF_CODE":"17"}}
{"ts":1740471741174,"action":"FILE_OPENED","file":"/rect.ts","tags":{"FILE_LINE_OF_CODE":"53"}}
{"ts":1740471750498,"action":"FILE_CLOSED","file":"/rect.ts","tags":{"FILE_LINE_OF_CODE":"53"}}
{"ts":1740471766141,"action":"FILE_OPENED","file":"/stage.ts","tags":{"FILE_LINE_OF_CODE":"17"}}
{"ts":1740471805571,"action":"IDE_DEACTIVATED"}
{"ts":1740471810088,"action":"IDE_ACTIVATED"}
{"ts":1740471810348,"action":"FILE_CLOSED","file":"/stage.ts","tags":{"FILE_LINE_OF_CODE":"17"}}
{"ts":1740471810348,"action":"FILE_OPENED","file":"/canvsdemo.html","tags":{"FILE_LINE_OF_CODE":"12"}}
{"ts":1740471830819,"action":"IDE_DEACTIVATED"}
{"ts":1740471832903,"action":"IDE_ACTIVATED"}
{"ts":1740471836658,"action":"IDE_DEACTIVATED"}
{"ts":1740472059666,"action":"IDE_ACTIVATED"}
{"ts":1740472059909,"action":"FILE_CLOSED","file":"/canvsdemo.html","tags":{"FILE_LINE_OF_CODE":"12"}}
{"ts":1740472059909,"action":"FILE_OPENED","file":"/rect.ts","tags":{"FILE_LINE_OF_CODE":"53"}}
{"ts":1740472061694,"action":"FILE_CLOSED","file":"/rect.ts","tags":{"FILE_LINE_OF_CODE":"53"}}
{"ts":1740472061694,"action":"FILE_OPENED","file":"/stage.ts","tags":{"FILE_LINE_OF_CODE":"17"}}
{"ts":1740472134551,"action":"IDE_DEACTIVATED"}
{"ts":1740472137870,"action":"IDE_ACTIVATED"}
{"ts":1740472147059,"action":"IDE_DEACTIVATED"}
{"ts":1740472220964,"action":"IDE_ACTIVATED"}
{"ts":1740472311609,"action":"FILE_CLOSED","file":"/stage.ts","tags":{"FILE_LINE_OF_CODE":"20"}}
{"ts":1740472311609,"action":"FILE_OPENED","file":"/rect.ts","tags":{"FILE_LINE_OF_CODE":"53"}}
{"ts":1740472336921,"action":"IDE_DEACTIVATED"}
{"ts":1740472341605,"action":"IDE_ACTIVATED"}
{"ts":1740472373276,"action":"IDE_DEACTIVATED"}
{"ts":1740472394854,"action":"IDE_ACTIVATED"}
{"ts":1740473662015,"action":"IDE_DEACTIVATED"}
{"ts":1740473683943,"action":"IDE_ACTIVATED"}
{"ts":1740473797219,"action":"IDE_DEACTIVATED"}
{"ts":1740473800550,"action":"IDE_ACTIVATED"}
{"ts":1740473805848,"action":"IDE_DEACTIVATED"}
{"ts":1740473819510,"action":"IDE_ACTIVATED"}
{"ts":1740473819741,"action":"FILE_CLOSED","file":"/rect.ts","tags":{"FILE_LINE_OF_CODE":"54"}}
{"ts":1740473819741,"action":"FILE_OPENED","file":"/stage.ts","tags":{"FILE_LINE_OF_CODE":"20"}}
{"ts":1740473833272,"action":"IDE_DEACTIVATED"}
{"ts":1740473845292,"action":"IDE_ACTIVATED"}
{"ts":1740473847095,"action":"FILE_CLOSED","file":"/stage.ts","tags":{"FILE_LINE_OF_CODE":"20"}}
{"ts":1740473847095,"action":"FILE_OPENED","file":"/rect.ts","tags":{"FILE_LINE_OF_CODE":"54"}}
{"ts":1740473849636,"action":"FILE_CLOSED","file":"/rect.ts","tags":{"FILE_LINE_OF_CODE":"54"}}
{"ts":1740473849636,"action":"FILE_OPENED","file":"/stage.ts","tags":{"FILE_LINE_OF_CODE":"20"}}
{"ts":1740473851980,"action":"FILE_CLOSED","file":"/stage.ts","tags":{"FILE_LINE_OF_CODE":"20"}}
{"ts":1740473851980,"action":"FILE_OPENED","file":"/rect.ts","tags":{"FILE_LINE_OF_CODE":"54"}}
{"ts":1740473853227,"action":"FILE_CLOSED","file":"/rect.ts","tags":{"FILE_LINE_OF_CODE":"54"}}
{"ts":1740473853227,"action":"FILE_OPENED","file":"/stage.ts","tags":{"FILE_LINE_OF_CODE":"20"}}
{"ts":1740473856624,"action":"FILE_CLOSED","file":"/stage.ts","tags":{"FILE_LINE_OF_CODE":"20"}}
{"ts":1740473856624,"action":"FILE_OPENED","file":"/rect.ts","tags":{"FILE_LINE_OF_CODE":"54"}}
{"ts":1740473869336,"action":"FILE_CLOSED","file":"/rect.ts","tags":{"FILE_LINE_OF_CODE":"54"}}
{"ts":1740473869336,"action":"FILE_OPENED","file":"/stage.ts","tags":{"FILE_LINE_OF_CODE":"20"}}
{"ts":1740473883360,"action":"FILE_CLOSED","file":"/stage.ts","tags":{"FILE_LINE_OF_CODE":"20"}}
{"ts":1740473883360,"action":"FILE_OPENED","file":"/tsconfig.json","tags":{"FILE_LINE_OF_CODE":"9"}}
{"ts":1740473885671,"action":"IDE_DEACTIVATED"}
{"ts":1740473901089,"action":"IDE_ACTIVATED"}
{"ts":1740473931003,"action":"FILE_CLOSED","file":"/tsconfig.json","tags":{"FILE_LINE_OF_CODE":"10"}}
{"ts":1740473943300,"action":"IDE_DEACTIVATED"}
{"ts":1740473953821,"action":"IDE_ACTIVATED"}
{"ts":1740473954114,"action":"FILE_OPENED","file":"/rect.ts","tags":{"FILE_LINE_OF_CODE":"54"}}
{"ts":1740473973497,"action":"IDE_DEACTIVATED"}
{"ts":1740474058932,"action":"IDE_ACTIVATED"}
{"ts":1740474108506,"action":"FILE_CLOSED","file":"/rect.ts","tags":{"FILE_LINE_OF_CODE":"54"}}
{"ts":1740474108506,"action":"FILE_OPENED","file":"/src/rect.ts","tags":{"FILE_LINE_OF_CODE":"54"}}
{"ts":1740474117600,"action":"FILE_CLOSED","file":"/src/rect.ts","tags":{"FILE_LINE_OF_CODE":"54"}}
{"ts":1740474117600,"action":"FILE_OPENED","file":"/src/stage.ts","tags":{"FILE_LINE_OF_CODE":"20"}}
{"ts":1740474123205,"action":"FILE_CLOSED","file":"/src/stage.ts","tags":{"FILE_LINE_OF_CODE":"20"}}
{"ts":1740474123205,"action":"FILE_OPENED","file":"/tsconfig.json","tags":{"FILE_LINE_OF_CODE":"10"}}
{"ts":1740474128246,"action":"IDE_DEACTIVATED"}
{"ts":1740474130507,"action":"IDE_ACTIVATED"}
{"ts":1740474137193,"action":"FILE_CLOSED","file":"/tsconfig.json","tags":{"FILE_LINE_OF_CODE":"8"}}
{"ts":1740474137193,"action":"FILE_OPENED","file":"/src/rect.ts","tags":{"FILE_LINE_OF_CODE":"54"}}
{"ts":1740474151590,"action":"FILE_CLOSED","file":"/src/rect.ts","tags":{"FILE_LINE_OF_CODE":"54"}}
{"ts":1740474151590,"action":"FILE_OPENED","file":"/tsconfig.json","tags":{"FILE_LINE_OF_CODE":"9"}}
{"ts":1740474198327,"action":"FILE_CLOSED","file":"/tsconfig.json","tags":{"FILE_LINE_OF_CODE":"9"}}
{"ts":1740474198327,"action":"FILE_OPENED","file":"/src/rect.ts","tags":{"FILE_LINE_OF_CODE":"54"}}
{"ts":1740474239230,"action":"FILE_CLOSED","file":"/src/rect.ts","tags":{"FILE_LINE_OF_CODE":"54"}}
{"ts":1740474239230,"action":"FILE_OPENED","file":"/rect.ts","tags":{"FILE_LINE_OF_CODE":"54"}}
{"ts":1740474249394,"action":"FILE_OPENED","file":"/src/rect.ts","tags":{"FILE_LINE_OF_CODE":"54"}}
{"ts":1740474277422,"action":"FILE_CLOSED","file":"/src/rect.ts","tags":{"FILE_LINE_OF_CODE":"54"}}
{"ts":1740474277422,"action":"FILE_OPENED","file":"/src/stage.ts","tags":{"FILE_LINE_OF_CODE":"20"}}
{"ts":1740474296053,"action":"FILE_CLOSED","file":"/src/stage.ts","tags":{"FILE_LINE_OF_CODE":"20"}}
{"ts":1740474296053,"action":"FILE_OPENED","file":"/src/rect.ts","tags":{"FILE_LINE_OF_CODE":"54"}}
{"ts":1740474298998,"action":"FILE_CLOSED","file":"/src/rect.ts","tags":{"FILE_LINE_OF_CODE":"54"}}
{"ts":1740474298998,"action":"FILE_OPENED","file":"/index.html","tags":{"FILE_LINE_OF_CODE":"12"}}
{"ts":1740474300676,"action":"IDE_DEACTIVATED"}
{"ts":1740474317050,"action":"IDE_ACTIVATED"}
{"ts":1740474317455,"action":"FILE_CLOSED","file":"/index.html","tags":{"FILE_LINE_OF_CODE":"12"}}
{"ts":1740474317455,"action":"FILE_OPENED","file":"/dist/rect.js","tags":{"FILE_LINE_OF_CODE":"58"}}
{"ts":1740474322214,"action":"FILE_CLOSED","file":"/dist/rect.js","tags":{"FILE_LINE_OF_CODE":"58"}}
{"ts":1740474322214,"action":"FILE_OPENED","file":"/src/rect.ts","tags":{"FILE_LINE_OF_CODE":"54"}}
{"ts":1740474326485,"action":"FILE_CLOSED","file":"/src/rect.ts","tags":{"FILE_LINE_OF_CODE":"54"}}
{"ts":1740474326485,"action":"FILE_OPENED","file":"/index.html","tags":{"FILE_LINE_OF_CODE":"12"}}
{"ts":1740474343078,"action":"IDE_DEACTIVATED"}
{"ts":1740474345126,"action":"IDE_ACTIVATED"}
{"ts":1740474351679,"action":"IDE_DEACTIVATED"}
{"ts":1740474368776,"action":"IDE_ACTIVATED"}
{"ts":1740474369220,"action":"FILE_CLOSED","file":"/index.html","tags":{"FILE_LINE_OF_CODE":"12"}}
{"ts":1740474369220,"action":"FILE_OPENED","file":"/src/rect.ts","tags":{"FILE_LINE_OF_CODE":"54"}}
{"ts":1740474373635,"action":"FILE_CLOSED","file":"/src/rect.ts","tags":{"FILE_LINE_OF_CODE":"54"}}
{"ts":1740474373635,"action":"FILE_OPENED","file":"/src/stage.ts","tags":{"FILE_LINE_OF_CODE":"20"}}
{"ts":1740474383291,"action":"FILE_CLOSED","file":"/src/stage.ts","tags":{"FILE_LINE_OF_CODE":"19"}}
{"ts":1740474383291,"action":"FILE_OPENED","file":"/src/rect.ts","tags":{"FILE_LINE_OF_CODE":"54"}}
{"ts":1740474413021,"action":"IDE_DEACTIVATED"}
{"ts":1740474415568,"action":"IDE_ACTIVATED"}
{"ts":1740474415835,"action":"FILE_CLOSED","file":"/src/rect.ts","tags":{"FILE_LINE_OF_CODE":"53"}}
{"ts":1740474415835,"action":"FILE_OPENED","file":"/index.html","tags":{"FILE_LINE_OF_CODE":"12"}}
{"ts":1740474417205,"action":"IDE_DEACTIVATED"}
{"ts":1740474427802,"action":"IDE_ACTIVATED"}
{"ts":1740474428122,"action":"FILE_CLOSED","file":"/index.html","tags":{"FILE_LINE_OF_CODE":"12"}}
{"ts":1740474428122,"action":"FILE_OPENED","file":"/src/rect.ts","tags":{"FILE_LINE_OF_CODE":"53"}}
{"ts":1740474430076,"action":"FILE_CLOSED","file":"/src/rect.ts","tags":{"FILE_LINE_OF_CODE":"53"}}
{"ts":1740474430076,"action":"FILE_OPENED","file":"/src/stage.ts","tags":{"FILE_LINE_OF_CODE":"19"}}
{"ts":1740474461589,"action":"FILE_CLOSED","file":"/src/stage.ts","tags":{"FILE_LINE_OF_CODE":"19"}}
{"ts":1740474461589,"action":"FILE_OPENED","file":"/src/rect.ts","tags":{"FILE_LINE_OF_CODE":"53"}}
{"ts":1740474462555,"action":"FILE_CLOSED","file":"/src/rect.ts","tags":{"FILE_LINE_OF_CODE":"53"}}
{"ts":1740474462555,"action":"FILE_OPENED","file":"/src/stage.ts","tags":{"FILE_LINE_OF_CODE":"19"}}
{"ts":1740474463708,"action":"IDE_DEACTIVATED"}
{"ts":1740474606673,"action":"IDE_ACTIVATED"}
{"ts":1740474606932,"action":"FILE_CLOSED","file":"/src/stage.ts","tags":{"FILE_LINE_OF_CODE":"19"}}
{"ts":1740474606932,"action":"FILE_OPENED","file":"/tsconfig.json","tags":{"FILE_LINE_OF_CODE":"9"}}
{"ts":1740474612640,"action":"IDE_DEACTIVATED"}
{"ts":1740474810727,"action":"IDE_ACTIVATED"}
{"ts":1740474811045,"action":"FILE_CLOSED","file":"/tsconfig.json","tags":{"FILE_LINE_OF_CODE":"9"}}
{"ts":1740474811045,"action":"FILE_OPENED","file":"/src/rect.ts","tags":{"FILE_LINE_OF_CODE":"53"}}
{"ts":1740474818308,"action":"IDE_DEACTIVATED"}
{"ts":1740474849959,"action":"IDE_ACTIVATED"}
{"ts":1740474855972,"action":"FILE_CLOSED","file":"/src/rect.ts","tags":{"FILE_LINE_OF_CODE":"53"}}
{"ts":1740474855972,"action":"FILE_OPENED","file":"/src/index.ts","tags":{"FILE_LINE_OF_CODE":"0"}}
{"ts":1740474860501,"action":"FILE_CLOSED","file":"/src/index.ts","tags":{"FILE_LINE_OF_CODE":"0"}}
{"ts":1740474860501,"action":"FILE_OPENED","file":"/src/stage.ts","tags":{"FILE_LINE_OF_CODE":"19"}}
{"ts":1740474861448,"action":"FILE_CLOSED","file":"/src/stage.ts","tags":{"FILE_LINE_OF_CODE":"19"}}
{"ts":1740474861448,"action":"FILE_OPENED","file":"/src/rect.ts","tags":{"FILE_LINE_OF_CODE":"53"}}
{"ts":1740474869097,"action":"FILE_CLOSED","file":"/src/rect.ts","tags":{"FILE_LINE_OF_CODE":"53"}}
{"ts":1740474869097,"action":"FILE_OPENED","file":"/src/index.ts","tags":{"FILE_LINE_OF_CODE":"0"}}
{"ts":1740474885282,"action":"FILE_CLOSED","file":"/src/index.ts","tags":{"FILE_LINE_OF_CODE":"1"}}
{"ts":1740474885282,"action":"FILE_OPENED","file":"/src/rect.ts","tags":{"FILE_LINE_OF_CODE":"53"}}
{"ts":1740474993826,"action":"FILE_CLOSED","file":"/src/rect.ts","tags":{"FILE_LINE_OF_CODE":"53"}}
{"ts":1740474993826,"action":"FILE_OPENED","file":"/src/index.ts","tags":{"FILE_LINE_OF_CODE":"1"}}
{"ts":1740475040881,"action":"FILE_CLOSED","file":"/src/index.ts","tags":{"FILE_LINE_OF_CODE":"6"}}
{"ts":1740475040881,"action":"FILE_OPENED","file":"/src/rect.ts","tags":{"FILE_LINE_OF_CODE":"53"}}
{"ts":1740475122003,"action":"IDE_DEACTIVATED"}
{"ts":1740475130234,"action":"IDE_ACTIVATED"}
{"ts":1740475130520,"action":"FILE_CLOSED","file":"/src/rect.ts","tags":{"FILE_LINE_OF_CODE":"53"}}
{"ts":1740475130520,"action":"FILE_OPENED","file":"/src/stage.ts","tags":{"FILE_LINE_OF_CODE":"19"}}
{"ts":1740475134114,"action":"IDE_DEACTIVATED"}
{"ts":1740475154909,"action":"IDE_ACTIVATED"}
{"ts":1740475155273,"action":"FILE_CLOSED","file":"/src/stage.ts","tags":{"FILE_LINE_OF_CODE":"19"}}
{"ts":1740475155273,"action":"FILE_OPENED","file":"/src/rect.ts","tags":{"FILE_LINE_OF_CODE":"53"}}
{"ts":1740475158827,"action":"IDE_DEACTIVATED"}
{"ts":1740475161790,"action":"IDE_ACTIVATED"}
{"ts":1740475168326,"action":"IDE_DEACTIVATED"}
{"ts":1740475174853,"action":"IDE_ACTIVATED"}
{"ts":1740475185559,"action":"IDE_DEACTIVATED"}
{"ts":1740475589121,"action":"IDE_ACTIVATED"}
{"ts":1740475594756,"action":"FILE_CLOSED","file":"/src/rect.ts","tags":{"FILE_LINE_OF_CODE":"43"}}
{"ts":1740475594756,"action":"FILE_OPENED","file":"/src/index.ts","tags":{"FILE_LINE_OF_CODE":"7"}}
{"ts":1740475619950,"action":"FILE_CLOSED","file":"/src/index.ts","tags":{"FILE_LINE_OF_CODE":"7"}}
{"ts":1740475619950,"action":"FILE_OPENED","file":"/src/rect.ts","tags":{"FILE_LINE_OF_CODE":"43"}}
{"ts":1740475665117,"action":"FILE_CLOSED","file":"/src/rect.ts","tags":{"FILE_LINE_OF_CODE":"36"}}
{"ts":1740475665117,"action":"FILE_OPENED","file":"/src/stage.ts","tags":{"FILE_LINE_OF_CODE":"19"}}
{"ts":1740475717925,"action":"FILE_CLOSED","file":"/src/stage.ts","tags":{"FILE_LINE_OF_CODE":"27"}}
{"ts":1740475717925,"action":"FILE_OPENED","file":"/src/rect.ts","tags":{"FILE_LINE_OF_CODE":"36"}}
{"ts":1740475730803,"action":"FILE_CLOSED","file":"/src/rect.ts","tags":{"FILE_LINE_OF_CODE":"37"}}
{"ts":1740475730803,"action":"FILE_OPENED","file":"/src/index.ts","tags":{"FILE_LINE_OF_CODE":"7"}}
{"ts":1740475734855,"action":"FILE_CLOSED","file":"/src/index.ts","tags":{"FILE_LINE_OF_CODE":"7"}}
{"ts":1740475734855,"action":"FILE_OPENED","file":"/src/rect.ts","tags":{"FILE_LINE_OF_CODE":"37"}}
{"ts":1740475743996,"action":"FILE_CLOSED","file":"/src/rect.ts","tags":{"FILE_LINE_OF_CODE":"37"}}
{"ts":1740475743996,"action":"FILE_OPENED","file":"/src/index.ts","tags":{"FILE_LINE_OF_CODE":"7"}}
{"ts":1740475852051,"action":"IDE_DEACTIVATED"}
{"ts":1740475872329,"action":"IDE_ACTIVATED"}
{"ts":1740475872432,"action":"FILE_CLOSED","file":"/src/index.ts","tags":{"FILE_LINE_OF_CODE":"13"}}
{"ts":1740475872432,"action":"FILE_OPENED","file":"/src/rect.ts","tags":{"FILE_LINE_OF_CODE":"37"}}
{"ts":1740475886117,"action":"FILE_CLOSED","file":"/src/rect.ts","tags":{"FILE_LINE_OF_CODE":"37"}}
{"ts":1740475886117,"action":"FILE_OPENED","file":"/src/index.ts","tags":{"FILE_LINE_OF_CODE":"13"}}
{"ts":1740475891156,"action":"FILE_CLOSED","file":"/src/index.ts","tags":{"FILE_LINE_OF_CODE":"13"}}
{"ts":1740475891156,"action":"FILE_OPENED","file":"/src/rect.ts","tags":{"FILE_LINE_OF_CODE":"37"}}
{"ts":1740475896134,"action":"FILE_CLOSED","file":"/src/rect.ts","tags":{"FILE_LINE_OF_CODE":"37"}}
{"ts":1740475896134,"action":"FILE_OPENED","file":"/src/index.ts","tags":{"FILE_LINE_OF_CODE":"13"}}
{"ts":1740475911905,"action":"IDE_DEACTIVATED"}
{"ts":1740475938615,"action":"IDE_ACTIVATED"}
{"ts":1740475938916,"action":"FILE_CLOSED","file":"/src/index.ts","tags":{"FILE_LINE_OF_CODE":"13"}}
{"ts":1740475938916,"action":"FILE_OPENED","file":"/src/rect.ts","tags":{"FILE_LINE_OF_CODE":"37"}}
{"ts":1740475947750,"action":"FILE_CLOSED","file":"/src/rect.ts","tags":{"FILE_LINE_OF_CODE":"37"}}
{"ts":1740475947750,"action":"FILE_OPENED","file":"/src/index.ts","tags":{"FILE_LINE_OF_CODE":"13"}}
{"ts":1740475979920,"action":"FILE_CLOSED","file":"/src/index.ts","tags":{"FILE_LINE_OF_CODE":"13"}}
{"ts":1740475979920,"action":"FILE_OPENED","file":"/dist/index.js","tags":{"FILE_LINE_OF_CODE":"12"}}
{"ts":1740475989097,"action":"IDE_DEACTIVATED"}
{"ts":1740476016672,"action":"IDE_ACTIVATED"}
{"ts":1740476017150,"action":"FILE_CLOSED","file":"/dist/index.js","tags":{"FILE_LINE_OF_CODE":"13"}}
{"ts":1740476017150,"action":"FILE_OPENED","file":"/dist/stage.js","tags":{"FILE_LINE_OF_CODE":"20"}}
{"ts":1740476021052,"action":"FILE_CLOSED","file":"/dist/stage.js","tags":{"FILE_LINE_OF_CODE":"20"}}
{"ts":1740476021052,"action":"FILE_OPENED","file":"/dist/rect.js","tags":{"FILE_LINE_OF_CODE":"43"}}
{"ts":1740476023324,"action":"FILE_CLOSED","file":"/dist/rect.js","tags":{"FILE_LINE_OF_CODE":"43"}}
{"ts":1740476023324,"action":"FILE_OPENED","file":"/dist/stage.js","tags":{"FILE_LINE_OF_CODE":"20"}}
{"ts":1740476026044,"action":"FILE_CLOSED","file":"/dist/stage.js","tags":{"FILE_LINE_OF_CODE":"20"}}
{"ts":1740476026044,"action":"FILE_OPENED","file":"/dist/rect.js","tags":{"FILE_LINE_OF_CODE":"43"}}
{"ts":1740476033730,"action":"FILE_CLOSED","file":"/dist/rect.js","tags":{"FILE_LINE_OF_CODE":"43"}}
{"ts":1740476033730,"action":"FILE_OPENED","file":"/dist/stage.js","tags":{"FILE_LINE_OF_CODE":"20"}}
{"ts":1740476036685,"action":"FILE_CLOSED","file":"/dist/stage.js","tags":{"FILE_LINE_OF_CODE":"20"}}
{"ts":1740476036685,"action":"FILE_OPENED","file":"/src/stage.ts","tags":{"FILE_LINE_OF_CODE":"27"}}
{"ts":1740476043100,"action":"FILE_CLOSED","file":"/src/stage.ts","tags":{"FILE_LINE_OF_CODE":"27"}}
{"ts":1740476043100,"action":"FILE_OPENED","file":"/src/rect.ts","tags":{"FILE_LINE_OF_CODE":"37"}}
{"ts":1740476077124,"action":"FILE_CLOSED","file":"/src/rect.ts","tags":{"FILE_LINE_OF_CODE":"37"}}
{"ts":1740476077124,"action":"FILE_OPENED","file":"/src/index.ts","tags":{"FILE_LINE_OF_CODE":"13"}}
{"ts":1740476081757,"action":"FILE_CLOSED","file":"/src/index.ts","tags":{"FILE_LINE_OF_CODE":"13"}}
{"ts":1740476081757,"action":"FILE_OPENED","file":"/index.html","tags":{"FILE_LINE_OF_CODE":"12"}}
{"ts":1740476097404,"action":"FILE_CLOSED","file":"/index.html","tags":{"FILE_LINE_OF_CODE":"12"}}
{"ts":1740476097404,"action":"FILE_OPENED","file":"/src/rect.ts","tags":{"FILE_LINE_OF_CODE":"37"}}
{"ts":1740476102203,"action":"FILE_CLOSED","file":"/src/rect.ts","tags":{"FILE_LINE_OF_CODE":"37"}}
{"ts":1740476102203,"action":"FILE_OPENED","file":"/src/index.ts","tags":{"FILE_LINE_OF_CODE":"13"}}
{"ts":1740476113818,"action":"FILE_CLOSED","file":"/src/index.ts","tags":{"FILE_LINE_OF_CODE":"13"}}
{"ts":1740476113818,"action":"FILE_OPENED","file":"/dist/index.js","tags":{"FILE_LINE_OF_CODE":"13"}}
{"ts":1740476121707,"action":"IDE_DEACTIVATED"}
{"ts":1740476166831,"action":"IDE_ACTIVATED"}
{"ts":1740476167084,"action":"FILE_CLOSED","file":"/dist/index.js","tags":{"FILE_LINE_OF_CODE":"13"}}
{"ts":1740476167084,"action":"FILE_OPENED","file":"/src/stage.ts","tags":{"FILE_LINE_OF_CODE":"27"}}
{"ts":1740476178670,"action":"IDE_DEACTIVATED"}
{"ts":1740476220265,"action":"IDE_ACTIVATED"}
{"ts":1740476221195,"action":"FILE_CLOSED","file":"/src/stage.ts","tags":{"FILE_LINE_OF_CODE":"27"}}
{"ts":1740476221195,"action":"FILE_OPENED","file":"/src/rect.ts","tags":{"FILE_LINE_OF_CODE":"37"}}
{"ts":1740476228561,"action":"IDE_DEACTIVATED"}
{"ts":1740476249694,"action":"IDE_ACTIVATED"}
{"ts":1740476254774,"action":"FILE_CLOSED","file":"/src/rect.ts","tags":{"FILE_LINE_OF_CODE":"37"}}
{"ts":1740476254774,"action":"FILE_OPENED","file":"/src/stage.ts","tags":{"FILE_LINE_OF_CODE":"27"}}
{"ts":1740476275210,"action":"IDE_DEACTIVATED"}
{"ts":1740476318743,"action":"IDE_ACTIVATED"}
{"ts":1740476323977,"action":"FILE_CLOSED","file":"/src/stage.ts","tags":{"FILE_LINE_OF_CODE":"27"}}
{"ts":1740476323977,"action":"FILE_OPENED","file":"/src/rect.ts","tags":{"FILE_LINE_OF_CODE":"37"}}
{"ts":1740476330659,"action":"IDE_DEACTIVATED"}
{"ts":1740476598813,"action":"IDE_ACTIVATED"}
{"ts":1740476643697,"action":"IDE_DEACTIVATED"}
{"ts":1740476651013,"action":"IDE_ACTIVATED"}
{"ts":1740476655293,"action":"IDE_DEACTIVATED"}
{"ts":1740476658317,"action":"IDE_ACTIVATED"}
{"ts":1740476746688,"action":"FILE_CLOSED","file":"/src/rect.ts","tags":{"FILE_LINE_OF_CODE":"41"}}
{"ts":1740476746688,"action":"FILE_OPENED","file":"/src/index.ts","tags":{"FILE_LINE_OF_CODE":"13"}}
{"ts":1740476750337,"action":"FILE_CLOSED","file":"/src/index.ts","tags":{"FILE_LINE_OF_CODE":"13"}}
{"ts":1740476750337,"action":"FILE_OPENED","file":"/src/stage.ts","tags":{"FILE_LINE_OF_CODE":"27"}}
{"ts":1740476805941,"action":"IDE_DEACTIVATED"}
{"ts":1740476817919,"action":"IDE_ACTIVATED"}
{"ts":1740476847616,"action":"FILE_CLOSED","file":"/src/stage.ts","tags":{"FILE_LINE_OF_CODE":"33"}}
{"ts":1740476847616,"action":"FILE_OPENED","file":"/src/rect.ts","tags":{"FILE_LINE_OF_CODE":"41"}}
{"ts":1740476859926,"action":"FILE_CLOSED","file":"/src/rect.ts","tags":{"FILE_LINE_OF_CODE":"41"}}
{"ts":1740476859926,"action":"FILE_OPENED","file":"/src/index.ts","tags":{"FILE_LINE_OF_CODE":"13"}}
{"ts":1740476903528,"action":"FILE_CLOSED","file":"/src/index.ts","tags":{"FILE_LINE_OF_CODE":"16"}}
{"ts":1740476903528,"action":"FILE_OPENED","file":"/src/stage.ts","tags":{"FILE_LINE_OF_CODE":"33"}}
{"ts":1740476931767,"action":"FILE_CLOSED","file":"/src/stage.ts","tags":{"FILE_LINE_OF_CODE":"33"}}
{"ts":1740476931767,"action":"FILE_OPENED","file":"/src/index.ts","tags":{"FILE_LINE_OF_CODE":"16"}}
{"ts":1740476946525,"action":"FILE_CLOSED","file":"/src/index.ts","tags":{"FILE_LINE_OF_CODE":"16"}}
{"ts":1740476946525,"action":"FILE_OPENED","file":"/src/stage.ts","tags":{"FILE_LINE_OF_CODE":"33"}}
{"ts":1740476972238,"action":"FILE_CLOSED","file":"/src/stage.ts","tags":{"FILE_LINE_OF_CODE":"33"}}
{"ts":1740476972238,"action":"FILE_OPENED","file":"/src/index.ts","tags":{"FILE_LINE_OF_CODE":"16"}}
{"ts":1740477011138,"action":"FILE_CLOSED","file":"/src/index.ts","tags":{"FILE_LINE_OF_CODE":"18"}}
{"ts":1740477011138,"action":"FILE_OPENED","file":"/src/stage.ts","tags":{"FILE_LINE_OF_CODE":"33"}}
{"ts":1740477087032,"action":"IDE_DEACTIVATED"}
{"ts":1740477102683,"action":"IDE_ACTIVATED"}
{"ts":1740477116832,"action":"IDE_DEACTIVATED"}
{"ts":1740477121334,"action":"IDE_ACTIVATED"}
{"ts":1740477130206,"action":"IDE_DEACTIVATED"}
{"ts":1740477214151,"action":"IDE_ACTIVATED"}
{"ts":1740477287461,"action":"IDE_DEACTIVATED"}
{"ts":1740477303562,"action":"IDE_ACTIVATED"}
{"ts":1740477308981,"action":"IDE_DEACTIVATED"}
{"ts":1740477335386,"action":"IDE_ACTIVATED"}
{"ts":1740477335798,"action":"FILE_CLOSED","file":"/src/stage.ts","tags":{"FILE_LINE_OF_CODE":"39"}}
{"ts":1740477335798,"action":"FILE_OPENED","file":"/tsconfig.json","tags":{"FILE_LINE_OF_CODE":"9"}}
{"ts":1740477337015,"action":"IDE_DEACTIVATED"}
{"ts":1740477387433,"action":"IDE_ACTIVATED"}
{"ts":1740477397236,"action":"IDE_DEACTIVATED"}
{"ts":1740477402992,"action":"IDE_ACTIVATED"}
{"ts":1740477403238,"action":"FILE_CLOSED","file":"/tsconfig.json","tags":{"FILE_LINE_OF_CODE":"9"}}
{"ts":1740477403238,"action":"FILE_OPENED","file":"/src/index.ts","tags":{"FILE_LINE_OF_CODE":"18"}}
{"ts":1740477444643,"action":"FILE_CLOSED","file":"/src/index.ts","tags":{"FILE_LINE_OF_CODE":"16"}}
{"ts":1740477444643,"action":"FILE_OPENED","file":"/src/rect.ts","tags":{"FILE_LINE_OF_CODE":"41"}}
{"ts":1740477492455,"action":"FILE_CLOSED","file":"/src/rect.ts","tags":{"FILE_LINE_OF_CODE":"42"}}
{"ts":1740477492455,"action":"FILE_OPENED","file":"/src/stage.ts","tags":{"FILE_LINE_OF_CODE":"39"}}
{"ts":1740477500257,"action":"FILE_CLOSED","file":"/src/stage.ts","tags":{"FILE_LINE_OF_CODE":"39"}}
{"ts":1740477500257,"action":"FILE_OPENED","file":"/src/index.ts","tags":{"FILE_LINE_OF_CODE":"16"}}
{"ts":1740477501748,"action":"FILE_CLOSED","file":"/src/index.ts","tags":{"FILE_LINE_OF_CODE":"16"}}
{"ts":1740477501748,"action":"FILE_OPENED","file":"/src/rect.ts","tags":{"FILE_LINE_OF_CODE":"42"}}
{"ts":1740477507278,"action":"FILE_CLOSED","file":"/src/rect.ts","tags":{"FILE_LINE_OF_CODE":"42"}}
{"ts":1740477507278,"action":"FILE_OPENED","file":"/src/stage.ts","tags":{"FILE_LINE_OF_CODE":"39"}}
{"ts":1740477557324,"action":"IDE_DEACTIVATED"}
{"ts":1740477567134,"action":"IDE_ACTIVATED"}
{"ts":1740477567414,"action":"FILE_CLOSED","file":"/src/stage.ts","tags":{"FILE_LINE_OF_CODE":"39"}}
{"ts":1740477567414,"action":"FILE_OPENED","file":"/src/rect.ts","tags":{"FILE_LINE_OF_CODE":"42"}}
{"ts":1740477571712,"action":"FILE_CLOSED","file":"/src/rect.ts","tags":{"FILE_LINE_OF_CODE":"42"}}
{"ts":1740477571712,"action":"FILE_OPENED","file":"/src/stage.ts","tags":{"FILE_LINE_OF_CODE":"39"}}
{"ts":1740477574949,"action":"IDE_DEACTIVATED"}
{"ts":1740477626086,"action":"IDE_ACTIVATED"}
{"ts":1740477631283,"action":"IDE_DEACTIVATED"}
{"ts":1740477640354,"action":"IDE_ACTIVATED"}
